<?xml version="1.0" encoding="UTF-8"?>
<!-- Generated by org.testng.reporters.JUnitReportReporter -->
<testsuite name="learn.AmazonTest" tests="1" time="0.238" ignored="0" failures="0" timestamp="08 Mar 2017 19:58:48 GMT" skipped="0" hostname="DESKTOP-KOGKQNQ" errors="0">
  <testcase name="SearchItem" time="0.238" classname="learn.AmazonTest"/>
</testsuite> <!-- learn.AmazonTest -->
